Build started 2/16/2017 1:43:07 AM.
     1>Project "C:\Users\Ethan\Desktop\development\RayTracer\RT_ETO\RT_ETO\RT_ETO.vcxproj" on node 2 (Rebuild target(s)).
     1>ClCompile:
         C:\Program Files (x86)\Microsoft Visual Studio 14.0\VC\bin\CL.exe /c /IC:\Users\Ethan\Desktop\development\RayTracer\libs\glm /I"C:\Users\Ethan\Desktop\development\RayTracer\libs\cpp-colors" /ZI /nologo /W3 /WX- /sdl /Od /Oy- /D _CRT_SECURE_NO_DEPRECATE /Gm /EHsc /RTC1 /MDd /GS /fp:precise /Zc:wchar_t /Zc:forScope /Zc:inline /Yc"stdafx.h" /Fp"Debug\RT_ETO.pch" /Fo"Debug\\" /Fd"Debug\vc140.pdb" /Gd /TP /analyze- /errorReport:prompt stdafx.cpp
         stdafx.cpp
         C:\Program Files (x86)\Microsoft Visual Studio 14.0\VC\bin\CL.exe /c /IC:\Users\Ethan\Desktop\development\RayTracer\libs\glm /I"C:\Users\Ethan\Desktop\development\RayTracer\libs\cpp-colors" /ZI /nologo /W3 /WX- /sdl /Od /Oy- /D _CRT_SECURE_NO_DEPRECATE /Gm /EHsc /RTC1 /MDd /GS /fp:precise /Zc:wchar_t /Zc:forScope /Zc:inline /Yu"stdafx.h" /Fp"Debug\RT_ETO.pch" /Fo"Debug\\" /Fd"Debug\vc140.pdb" /Gd /TP /analyze- /errorReport:prompt Camera.cpp CameraView.cpp CameraViewTest.cpp Color.cpp ColorTest.cpp driver.cpp FileSystem.cpp ImageBuffer.cpp ImageBufferTest.cpp MathUtil.cpp MathUtilTest.cpp RayUtilTest.cpp Ray.cpp RayUtil.cpp Shape.cpp ShapeUtil.cpp ShapeUtilTest.cpp Sphere.cpp Test.cpp TestFactory.cpp TestManager.cpp Triangle.cpp Vec3Test.cpp Vec3Util.cpp
         Vec3Util.cpp
     1>c:\users\ethan\desktop\development\raytracer\rt_eto\rt_eto\vec3util.cpp(27): warning C4244: 'return': conversion from 'double' to 'float', possible loss of data
         Vec3Test.cpp
         Triangle.cpp
         TestManager.cpp
         TestFactory.cpp
         Test.cpp
         Sphere.cpp
         ShapeUtilTest.cpp
         ShapeUtil.cpp
         Shape.cpp
         RayUtil.cpp
         Ray.cpp
         RayUtilTest.cpp
         MathUtilTest.cpp
         MathUtil.cpp
     1>c:\users\ethan\desktop\development\raytracer\rt_eto\rt_eto\mathutil.cpp(6): warning C4305: 'initializing': truncation from 'double' to 'float'
         ImageBufferTest.cpp
         ImageBuffer.cpp
     1>c:\users\ethan\desktop\development\raytracer\rt_eto\rt_eto\imagebuffer.cpp(6): warning C4018: '<': signed/unsigned mismatch
     1>c:\users\ethan\desktop\development\raytracer\rt_eto\rt_eto\imagebuffer.cpp(9): warning C4018: '<': signed/unsigned mismatch
     1>c:\users\ethan\desktop\development\raytracer\rt_eto\rt_eto\imagebuffer.cpp(69): warning C4018: '<': signed/unsigned mismatch
     1>c:\users\ethan\desktop\development\raytracer\rt_eto\rt_eto\imagebuffer.cpp(71): warning C4018: '<': signed/unsigned mismatch
     1>c:\users\ethan\desktop\development\raytracer\rt_eto\rt_eto\imagebuffer.cpp(72): warning C4244: '=': conversion from 'float' to 'uint8_t', possible loss of data
     1>c:\users\ethan\desktop\development\raytracer\rt_eto\rt_eto\imagebuffer.cpp(74): warning C4244: '=': conversion from 'float' to 'uint8_t', possible loss of data
     1>c:\users\ethan\desktop\development\raytracer\rt_eto\rt_eto\imagebuffer.cpp(76): warning C4244: '=': conversion from 'float' to 'uint8_t', possible loss of data
         FileSystem.cpp
         driver.cpp
         ColorTest.cpp
         Generating Code...
         Compiling...
         Color.cpp
         CameraViewTest.cpp
         CameraView.cpp
     1>c:\users\ethan\desktop\development\raytracer\rt_eto\rt_eto\cameraview.cpp(53): warning C4244: 'return': conversion from 'float' to 'int', possible loss of data
     1>c:\users\ethan\desktop\development\raytracer\rt_eto\rt_eto\cameraview.cpp(58): warning C4244: 'return': conversion from 'float' to 'int', possible loss of data
     1>c:\users\ethan\desktop\development\raytracer\rt_eto\rt_eto\cameraview.cpp(100): warning C4552: '-': operator has no effect; expected operator with side-effect
         Camera.cpp
         Generating Code...
       ResourceCompile:
         C:\Program Files (x86)\Windows Kits\8.1\bin\x86\rc.exe /D _UNICODE /D UNICODE /l"0x0409" /nologo /fo"Debug\RT_ETO.res" RT_ETO.rc 
       Link:
         C:\Program Files (x86)\Microsoft Visual Studio 14.0\VC\bin\link.exe /ERRORREPORT:PROMPT /OUT:"C:\Users\Ethan\Desktop\development\RayTracer\RT_ETO\Debug\RT_ETO.exe" /INCREMENTAL /NOLOGO kernel32.lib user32.lib gdi32.lib winspool.lib comdlg32.lib advapi32.lib shell32.lib ole32.lib oleaut32.lib uuid.lib odbc32.lib odbccp32.lib /MANIFEST /MANIFESTUAC:"level='asInvoker' uiAccess='false'" /manifest:embed /Debug /PDB:"C:\Users\Ethan\Desktop\development\RayTracer\RT_ETO\Debug\RT_ETO.pdb" /SUBSYSTEM:CONSOLE /TLBID:1 /DYNAMICBASE /NXCOMPAT /IMPLIB:"C:\Users\Ethan\Desktop\development\RayTracer\RT_ETO\Debug\RT_ETO.lib" /MACHINE:X86 Debug\RT_ETO.res
         Debug\Camera.obj
         Debug\CameraView.obj
         Debug\CameraViewTest.obj
         Debug\Color.obj
         Debug\ColorTest.obj
         Debug\driver.obj
         Debug\FileSystem.obj
         Debug\ImageBuffer.obj
         Debug\ImageBufferTest.obj
         Debug\MathUtil.obj
         Debug\MathUtilTest.obj
         Debug\RayUtilTest.obj
         Debug\Ray.obj
         Debug\RayUtil.obj
         Debug\Shape.obj
         Debug\ShapeUtil.obj
         Debug\ShapeUtilTest.obj
         Debug\Sphere.obj
         Debug\stdafx.obj
         Debug\Test.obj
         Debug\TestFactory.obj
         Debug\TestManager.obj
         Debug\Triangle.obj
         Debug\Vec3Test.obj
         Debug\Vec3Util.obj
         RT_ETO.vcxproj -> C:\Users\Ethan\Desktop\development\RayTracer\RT_ETO\Debug\RT_ETO.exe
     1>Done Building Project "C:\Users\Ethan\Desktop\development\RayTracer\RT_ETO\RT_ETO\RT_ETO.vcxproj" (Rebuild target(s)).

Build succeeded.

Time Elapsed 00:00:13.33
