c:\users\ethan\desktop\development\raytracer\rt_eto\rt_eto\debug\rt_eto.pch
c:\users\ethan\desktop\development\raytracer\rt_eto\rt_eto\debug\vc140.pdb
c:\users\ethan\desktop\development\raytracer\rt_eto\rt_eto\debug\vc140.idb
c:\users\ethan\desktop\development\raytracer\rt_eto\rt_eto\debug\stdafx.obj
c:\users\ethan\desktop\development\raytracer\rt_eto\rt_eto\debug\colortest.obj
c:\users\ethan\desktop\development\raytracer\rt_eto\rt_eto\debug\driver.obj
c:\users\ethan\desktop\development\raytracer\rt_eto\rt_eto\debug\filesystem.obj
c:\users\ethan\desktop\development\raytracer\rt_eto\rt_eto\debug\imagebuffer.obj
c:\users\ethan\desktop\development\raytracer\rt_eto\rt_eto\debug\imagebuffertest.obj
c:\users\ethan\desktop\development\raytracer\rt_eto\rt_eto\debug\mathutil.obj
c:\users\ethan\desktop\development\raytracer\rt_eto\rt_eto\debug\mathutiltest.obj
c:\users\ethan\desktop\development\raytracer\rt_eto\rt_eto\debug\rayutiltest.obj
c:\users\ethan\desktop\development\raytracer\rt_eto\rt_eto\debug\ray.obj
c:\users\ethan\desktop\development\raytracer\rt_eto\rt_eto\debug\rayutil.obj
c:\users\ethan\desktop\development\raytracer\rt_eto\rt_eto\debug\shape.obj
c:\users\ethan\desktop\development\raytracer\rt_eto\rt_eto\debug\shapeutil.obj
c:\users\ethan\desktop\development\raytracer\rt_eto\rt_eto\debug\shapeutiltest.obj
c:\users\ethan\desktop\development\raytracer\rt_eto\rt_eto\debug\sphere.obj
c:\users\ethan\desktop\development\raytracer\rt_eto\rt_eto\debug\test.obj
c:\users\ethan\desktop\development\raytracer\rt_eto\rt_eto\debug\testfactory.obj
c:\users\ethan\desktop\development\raytracer\rt_eto\rt_eto\debug\testmanager.obj
c:\users\ethan\desktop\development\raytracer\rt_eto\rt_eto\debug\triangle.obj
c:\users\ethan\desktop\development\raytracer\rt_eto\rt_eto\debug\vec3test.obj
c:\users\ethan\desktop\development\raytracer\rt_eto\rt_eto\debug\vecutil.obj
c:\users\ethan\desktop\development\raytracer\rt_eto\rt_eto\debug\camera.obj
c:\users\ethan\desktop\development\raytracer\rt_eto\rt_eto\debug\cameraview.obj
c:\users\ethan\desktop\development\raytracer\rt_eto\rt_eto\debug\cameraviewtest.obj
c:\users\ethan\desktop\development\raytracer\rt_eto\rt_eto\debug\color.obj
c:\users\ethan\desktop\development\raytracer\rt_eto\rt_eto\debug\vec3util.obj
c:\users\ethan\desktop\development\raytracer\rt_eto\debug\rt_eto.ilk
c:\users\ethan\desktop\development\raytracer\rt_eto\debug\rt_eto.exe
c:\users\ethan\desktop\development\raytracer\rt_eto\debug\rt_eto.pdb
c:\users\ethan\desktop\development\raytracer\rt_eto\rt_eto\debug\rt_eto.res
c:\users\ethan\desktop\development\raytracer\rt_eto\rt_eto\debug\rt_eto.tlog\cl.command.1.tlog
c:\users\ethan\desktop\development\raytracer\rt_eto\rt_eto\debug\rt_eto.tlog\cl.read.1.tlog
c:\users\ethan\desktop\development\raytracer\rt_eto\rt_eto\debug\rt_eto.tlog\cl.write.1.tlog
c:\users\ethan\desktop\development\raytracer\rt_eto\rt_eto\debug\rt_eto.tlog\link.command.1.tlog
c:\users\ethan\desktop\development\raytracer\rt_eto\rt_eto\debug\rt_eto.tlog\link.read.1.tlog
c:\users\ethan\desktop\development\raytracer\rt_eto\rt_eto\debug\rt_eto.tlog\link.write.1.tlog
c:\users\ethan\desktop\development\raytracer\rt_eto\rt_eto\debug\rt_eto.tlog\rc.command.1.tlog
c:\users\ethan\desktop\development\raytracer\rt_eto\rt_eto\debug\rt_eto.tlog\rc.read.1.tlog
c:\users\ethan\desktop\development\raytracer\rt_eto\rt_eto\debug\rt_eto.tlog\rc.write.1.tlog
